<?xml version="1.0" encoding="UTF-8"?>
<!-- Generated by org.testng.reporters.JUnitReportReporter -->
<testsuite hostname="LAPTOP-VLB28U7D" failures="0" tests="1" name="testScenario.Login.LoginTest03" time="30.377" errors="0" timestamp="2021-02-16T20:22:27 IST" skipped="0">
  <testcase classname="testScenario.Login.LoginTest03" name="checkLoginNonValidUserName" time="30.377"/>
  <system-out/>
</testsuite> <!-- testScenario.Login.LoginTest03 -->
