<?xml version="1.0" encoding="UTF-8"?>
<!-- Generated by org.testng.reporters.JUnitReportReporter -->
<testsuite hostname="LAPTOP-VLB28U7D" failures="0" tests="1" name="testScenario.Login.LoginTest04" time="33.541" errors="0" timestamp="2021-02-16T20:22:27 IST" skipped="0">
  <testcase classname="testScenario.Login.LoginTest04" name="invalidPassword" time="33.541"/>
  <system-out/>
</testsuite> <!-- testScenario.Login.LoginTest04 -->
