<?xml version="1.0" encoding="UTF-8"?>
<!-- Generated by org.testng.reporters.JUnitReportReporter -->
<testsuite hostname="LAPTOP-VLB28U7D" failures="0" tests="1" name="testScenario.Client.ClientTest01" time="57.590" errors="0" timestamp="2021-02-16T20:22:27 IST" skipped="0">
  <testcase classname="testScenario.Client.ClientTest01" name="clientTest" time="57.590"/>
  <system-out/>
</testsuite> <!-- testScenario.Client.ClientTest01 -->
