<?xml version="1.0" encoding="UTF-8"?>
<!-- Generated by org.testng.reporters.JUnitReportReporter -->
<testsuite hostname="LAPTOP-VLB28U7D" failures="0" tests="1" name="testScenario.Login.LoginTest02" time="4.584" errors="0" timestamp="2021-02-19T18:22:06 IST" skipped="0">
  <testcase classname="testScenario.Login.LoginTest02" name="checkLoginPageIvalidCase" time="4.584"/>
  <system-out/>
</testsuite> <!-- testScenario.Login.LoginTest02 -->
