<?xml version="1.0" encoding="UTF-8"?>
<!-- Generated by org.testng.reporters.JUnitReportReporter -->
<testsuite hostname="LAPTOP-VLB28U7D" failures="0" tests="1" name="testScenario.Login.LoginTest01" time="29.322" errors="0" timestamp="2021-03-25T19:50:42 IST" skipped="0">
  <testcase classname="testScenario.Login.LoginTest01" name="checkLogin" time="29.322"/>
  <system-out/>
</testsuite> <!-- testScenario.Login.LoginTest01 -->
