<?xml version="1.0" encoding="UTF-8"?>
<!-- Generated by org.testng.reporters.JUnitReportReporter -->
<testsuite hostname="LAPTOP-VLB28U7D" failures="0" tests="1" name="testScenario.Company.CompanyTest01" time="50.157" errors="0" timestamp="2021-02-16T20:22:27 IST" skipped="0">
  <testcase classname="testScenario.Company.CompanyTest01" name="companyTest" time="50.157"/>
  <system-out/>
</testsuite> <!-- testScenario.Company.CompanyTest01 -->
