<?xml version="1.0" encoding="UTF-8"?>
<!-- Generated by org.testng.reporters.JUnitReportReporter -->
<testsuite hostname="LAPTOP-VLB28U7D" failures="0" tests="1" name="testScenario.Invoice.InvoiceTest01" time="34.513" errors="0" timestamp="2021-02-16T20:22:27 IST" skipped="0">
  <testcase classname="testScenario.Invoice.InvoiceTest01" name="invoiceTest" time="34.513"/>
  <system-out/>
</testsuite> <!-- testScenario.Invoice.InvoiceTest01 -->
